Success (1):
content 14863 _a-0000e3a3-345d-8000-0bda-01ef9001ef90_104254 "interfacetest"

Referenced precedents that were not exported (1):
content 14861 _a-0000e3a3-345d-8000-0bda-01ef9001ef90_104249

Trace:
2019-12-05 12:06:15.773 DEBUG content 14863 _a-0000e3a3-345d-8000-0bda-01ef9001ef90_104254 Begin transport.
2019-12-05 12:06:15.773 DEBUG content 14863 _a-0000e3a3-345d-8000-0bda-01ef9001ef90_104254 Retrieving object data.
2019-12-05 12:06:15.837 DEBUG content 14863 _a-0000e3a3-345d-8000-0bda-01ef9001ef90_104254 Setting uuids of object references.
2019-12-05 12:06:15.84 DEBUG content 14863 _a-0000e3a3-345d-8000-0bda-01ef9001ef90_104254 Processing reference: [Content:id=14862,versionId=-1,name=interfacetest,type=32,subtype=6,uuid=_a-0000e3a3-345d-8000-0bda-01ef9001ef90_104254,parent=14861]
2019-12-05 12:06:15.845 DEBUG content 14863 _a-0000e3a3-345d-8000-0bda-01ef9001ef90_104254 Processing reference: Interface.forum
2019-12-05 12:06:15.846 DEBUG content 14863 _a-0000e3a3-345d-8000-0bda-01ef9001ef90_104254 Processing reference: Interface.parent
2019-12-05 12:06:15.855 DEBUG content 14863 _a-0000e3a3-345d-8000-0bda-01ef9001ef90_104254 Processing reference: com.appiancorp.suiteapi.content.ContentRoleMap@1b320248[
  ContentRole[name=readers,inherit=true,allowForAll=false]
  ContentRole[name=authors,inherit=true,allowForAll=false]
  ContentRole[name=administrators,inherit=true,allowForAll=false]
  ContentRole[name=denyReaders,inherit=false,allowForAll=false]
  ContentRole[name=denyAuthors,inherit=false,allowForAll=false]
  ContentRole[name=denyAdministrators,inherit=false,allowForAll=false]
  securityVector=15:SEC_PUBLIC=true,SEC_CREATOR_ADMIN=false,SEC_INH_ADMIN=true,SEC_INH_EDITOR=true,SEC_INH_VIEWER=true,SEC_ALL_ADMIN=false,SEC_ALL_EDITOR=false,SEC_ALL_VIEWER=false
]
2019-12-05 12:06:15.855 DEBUG content 14863 _a-0000e3a3-345d-8000-0bda-01ef9001ef90_104254 Processing reference: ContentRole[name=readers,inherit=true,allowForAll=false]
2019-12-05 12:06:15.855 DEBUG content 14863 _a-0000e3a3-345d-8000-0bda-01ef9001ef90_104254 Processing reference: ContentRole[name=authors,inherit=true,allowForAll=false]
2019-12-05 12:06:15.855 DEBUG content 14863 _a-0000e3a3-345d-8000-0bda-01ef9001ef90_104254 Processing reference: ContentRole[name=administrators,inherit=true,allowForAll=false]
2019-12-05 12:06:15.855 DEBUG content 14863 _a-0000e3a3-345d-8000-0bda-01ef9001ef90_104254 Processing reference: ContentRole[name=denyReaders,inherit=false,allowForAll=false]
2019-12-05 12:06:15.855 DEBUG content 14863 _a-0000e3a3-345d-8000-0bda-01ef9001ef90_104254 Processing reference: ContentRole[name=denyAuthors,inherit=false,allowForAll=false]
2019-12-05 12:06:15.855 DEBUG content 14863 _a-0000e3a3-345d-8000-0bda-01ef9001ef90_104254 Processing reference: ContentRole[name=denyAdministrators,inherit=false,allowForAll=false]
2019-12-05 12:06:15.856 DEBUG content 14863 _a-0000e3a3-345d-8000-0bda-01ef9001ef90_104254 Completing produce.
2019-12-05 12:06:15.856 DEBUG content 14863 _a-0000e3a3-345d-8000-0bda-01ef9001ef90_104254 Exporting binary resources.
2019-12-05 12:06:15.856 DEBUG content 14863 _a-0000e3a3-345d-8000-0bda-01ef9001ef90_104254 Serializing object to XML.
2019-12-05 12:06:17.018 DEBUG content 14863 _a-0000e3a3-345d-8000-0bda-01ef9001ef90_104254 Object transported.
